c:\users\dillo\onedrive\documents\champlain\gpr300_intermmediategraphics\introtolighting\gpr300_lighting_template\gpr300_lighting\x64\debug\vc143.pdb
c:\users\dillo\onedrive\documents\champlain\gpr300_intermmediategraphics\introtolighting\gpr300_lighting_template\gpr300_lighting\x64\debug\vc143.idb
c:\users\dillo\onedrive\documents\champlain\gpr300_intermmediategraphics\introtolighting\gpr300_lighting_template\gpr300_lighting\x64\debug\spotlight.obj
c:\users\dillo\onedrive\documents\champlain\gpr300_intermmediategraphics\introtolighting\gpr300_lighting_template\gpr300_lighting\x64\debug\material.obj
c:\users\dillo\onedrive\documents\champlain\gpr300_intermmediategraphics\introtolighting\gpr300_lighting_template\gpr300_lighting\x64\debug\pointlight.obj
c:\users\dillo\onedrive\documents\champlain\gpr300_intermmediategraphics\introtolighting\gpr300_lighting_template\gpr300_lighting\x64\debug\directionallight.obj
c:\users\dillo\onedrive\documents\champlain\gpr300_intermmediategraphics\introtolighting\gpr300_lighting_template\gpr300_lighting\x64\debug\shader.obj
c:\users\dillo\onedrive\documents\champlain\gpr300_intermmediategraphics\introtolighting\gpr300_lighting_template\gpr300_lighting\x64\debug\mesh.obj
c:\users\dillo\onedrive\documents\champlain\gpr300_intermmediategraphics\introtolighting\gpr300_lighting_template\gpr300_lighting\x64\debug\main.obj
c:\users\dillo\onedrive\documents\champlain\gpr300_intermmediategraphics\introtolighting\gpr300_lighting_template\gpr300_lighting\x64\debug\imgui_widgets.obj
c:\users\dillo\onedrive\documents\champlain\gpr300_intermmediategraphics\introtolighting\gpr300_lighting_template\gpr300_lighting\x64\debug\imgui_tables.obj
c:\users\dillo\onedrive\documents\champlain\gpr300_intermmediategraphics\introtolighting\gpr300_lighting_template\gpr300_lighting\x64\debug\imgui_impl_opengl3.obj
c:\users\dillo\onedrive\documents\champlain\gpr300_intermmediategraphics\introtolighting\gpr300_lighting_template\gpr300_lighting\x64\debug\imgui_impl_glfw.obj
c:\users\dillo\onedrive\documents\champlain\gpr300_intermmediategraphics\introtolighting\gpr300_lighting_template\gpr300_lighting\x64\debug\imgui_draw.obj
c:\users\dillo\onedrive\documents\champlain\gpr300_intermmediategraphics\introtolighting\gpr300_lighting_template\gpr300_lighting\x64\debug\imgui_demo.obj
c:\users\dillo\onedrive\documents\champlain\gpr300_intermmediategraphics\introtolighting\gpr300_lighting_template\gpr300_lighting\x64\debug\imgui.obj
c:\users\dillo\onedrive\documents\champlain\gpr300_intermmediategraphics\introtolighting\gpr300_lighting_template\gpr300_lighting\x64\debug\shapegen.obj
c:\users\dillo\onedrive\documents\champlain\gpr300_intermmediategraphics\introtolighting\gpr300_lighting_template\gpr300_lighting\x64\debug\camera.obj
c:\users\dillo\onedrive\documents\champlain\gpr300_intermmediategraphics\introtolighting\gpr300_lighting_template\x64\debug\gpr300_lighting.exe
c:\users\dillo\onedrive\documents\champlain\gpr300_intermmediategraphics\introtolighting\gpr300_lighting_template\gpr300_lighting\x64\debug\gpr300_lighting.ilk
c:\users\dillo\onedrive\documents\champlain\gpr300_intermmediategraphics\introtolighting\gpr300_lighting_template\x64\debug\gpr300_lighting.pdb
c:\users\ddrummond\documents\gpr300\introtolighting\gpr300_lighting_template\gpr300_lighting\x64\debug\camera.obj
c:\users\ddrummond\documents\gpr300\introtolighting\gpr300_lighting_template\gpr300_lighting\x64\debug\directionallight.obj
c:\users\ddrummond\documents\gpr300\introtolighting\gpr300_lighting_template\gpr300_lighting\x64\debug\imgui.obj
c:\users\ddrummond\documents\gpr300\introtolighting\gpr300_lighting_template\gpr300_lighting\x64\debug\imgui_demo.obj
c:\users\ddrummond\documents\gpr300\introtolighting\gpr300_lighting_template\gpr300_lighting\x64\debug\imgui_draw.obj
c:\users\ddrummond\documents\gpr300\introtolighting\gpr300_lighting_template\gpr300_lighting\x64\debug\imgui_impl_glfw.obj
c:\users\ddrummond\documents\gpr300\introtolighting\gpr300_lighting_template\gpr300_lighting\x64\debug\imgui_impl_opengl3.obj
c:\users\ddrummond\documents\gpr300\introtolighting\gpr300_lighting_template\gpr300_lighting\x64\debug\imgui_tables.obj
c:\users\ddrummond\documents\gpr300\introtolighting\gpr300_lighting_template\gpr300_lighting\x64\debug\imgui_widgets.obj
c:\users\ddrummond\documents\gpr300\introtolighting\gpr300_lighting_template\gpr300_lighting\x64\debug\light.obj
c:\users\ddrummond\documents\gpr300\introtolighting\gpr300_lighting_template\gpr300_lighting\x64\debug\material.obj
c:\users\ddrummond\documents\gpr300\introtolighting\gpr300_lighting_template\gpr300_lighting\x64\debug\mesh.obj
c:\users\ddrummond\documents\gpr300\introtolighting\gpr300_lighting_template\gpr300_lighting\x64\debug\pointlight.obj
c:\users\ddrummond\documents\gpr300\introtolighting\gpr300_lighting_template\gpr300_lighting\x64\debug\shader.obj
c:\users\ddrummond\documents\gpr300\introtolighting\gpr300_lighting_template\gpr300_lighting\x64\debug\shapegen.obj
c:\users\ddrummond\documents\gpr300\introtolighting\gpr300_lighting_template\gpr300_lighting\x64\debug\spotlight.obj
c:\users\ddrummond\documents\gpr300\introtolighting\gpr300_lighting_template\gpr300_lighting\x64\debug\gpr300_lighting.ilk
c:\users\ddrummond\documents\gpr300\introtolighting\gpr300_lighting_template\gpr300_lighting\x64\debug\vc143.idb
c:\users\ddrummond\documents\gpr300\introtolighting\gpr300_lighting_template\gpr300_lighting\x64\debug\vc143.pdb
c:\users\ddrummond\documents\gpr300\introtolighting\gpr300_lighting_template\x64\debug\gpr300_lighting.pdb
c:\users\ddrummond\documents\gpr300\introtolighting\gpr300_lighting_template\x64\debug\gpr300_lighting.exe
c:\users\ddrummond\documents\gpr300\introtolighting\gpr300_lighting_template\gpr300_lighting\x64\debug\gpr300_lighting.tlog\cl.command.1.tlog
c:\users\ddrummond\documents\gpr300\introtolighting\gpr300_lighting_template\gpr300_lighting\x64\debug\gpr300_lighting.tlog\cl.read.1.tlog
c:\users\ddrummond\documents\gpr300\introtolighting\gpr300_lighting_template\gpr300_lighting\x64\debug\gpr300_lighting.tlog\cl.write.1.tlog
c:\users\ddrummond\documents\gpr300\introtolighting\gpr300_lighting_template\gpr300_lighting\x64\debug\gpr300_lighting.tlog\link.command.1.tlog
c:\users\ddrummond\documents\gpr300\introtolighting\gpr300_lighting_template\gpr300_lighting\x64\debug\gpr300_lighting.tlog\link.read.1.tlog
c:\users\ddrummond\documents\gpr300\introtolighting\gpr300_lighting_template\gpr300_lighting\x64\debug\gpr300_lighting.tlog\link.write.1.tlog
